g:\works\ractiv\rectifier_curvefitting_v4\curvefitting\debug\curvefitting.bsc
g:\works\ractiv\rectifier_curvefitting_v4\curvefitting\debug\vc120.pdb
g:\works\ractiv\rectifier_curvefitting_v4\curvefitting\debug\vc120.idb
g:\works\ractiv\rectifier_curvefitting_v4\curvefitting\debug\quadratic.sbr
g:\works\ractiv\rectifier_curvefitting_v4\curvefitting\debug\exponential.sbr
g:\works\ractiv\rectifier_curvefitting_v4\curvefitting\debug\curve_fitting.sbr
g:\works\ractiv\rectifier_curvefitting_v4\curvefitting\debug\curve_fitting.obj
g:\works\ractiv\rectifier_curvefitting_v4\curvefitting\debug\exponential.obj
g:\works\ractiv\rectifier_curvefitting_v4\curvefitting\debug\quadratic.obj
g:\works\ractiv\rectifier_curvefitting_v4\curvefitting\debug\lmmin.sbr
g:\works\ractiv\rectifier_curvefitting_v4\curvefitting\debug\lmcurve.sbr
g:\works\ractiv\rectifier_curvefitting_v4\curvefitting\debug\lmcurve.obj
g:\works\ractiv\rectifier_curvefitting_v4\curvefitting\debug\lmmin.obj
g:\works\ractiv\rectifier_curvefitting_v4\curvefitting\debug\curvefitting.lib
g:\works\ractiv\rectifier_curvefitting_v4\curvefitting\.\debug\curvefitting.lib
g:\works\ractiv\rectifier_curvefitting_v4\curvefitting\debug\curvefitting.tlog\bscmake.command.1.tlog
g:\works\ractiv\rectifier_curvefitting_v4\curvefitting\debug\curvefitting.tlog\bscmake.read.1.tlog
g:\works\ractiv\rectifier_curvefitting_v4\curvefitting\debug\curvefitting.tlog\bscmake.write.1.tlog
g:\works\ractiv\rectifier_curvefitting_v4\curvefitting\debug\curvefitting.tlog\cl.command.1.tlog
g:\works\ractiv\rectifier_curvefitting_v4\curvefitting\debug\curvefitting.tlog\cl.read.1.tlog
g:\works\ractiv\rectifier_curvefitting_v4\curvefitting\debug\curvefitting.tlog\cl.write.1.tlog
g:\works\ractiv\rectifier_curvefitting_v4\curvefitting\debug\curvefitting.tlog\lib-link.read.1.tlog
g:\works\ractiv\rectifier_curvefitting_v4\curvefitting\debug\curvefitting.tlog\lib-link.write.1.tlog
g:\works\ractiv\rectifier_curvefitting_v4\curvefitting\debug\curvefitting.tlog\lib.command.1.tlog
g:\works\ractiv\rectifier_curvefitting_v4\curvefitting\debug\curvefitting.tlog\metagen.read.1.tlog
g:\works\ractiv\rectifier_curvefitting_v4\curvefitting\debug\curvefitting.tlog\metagen.write.1.tlog
